<?xml version="1.0" encoding="UTF-8"?>
<!-- Generated by org.testng.reporters.JUnitReportReporter -->
<testsuite hostname="DESKTOP-CINE6FF" failures="0" tests="1" name="Test.Testcases" time="4.480" errors="0" timestamp="2022-02-24T16:23:35 EST" skipped="0">
  <testcase classname="Test.Testcases" name="loginwithInvalidEmail" time="4.480"/>
  <system-out/>
</testsuite> <!-- Test.Testcases -->
