<?xml version="1.0" encoding="UTF-8"?>
<!-- Generated by org.testng.reporters.JUnitReportReporter -->
<testsuite hostname="DESKTOP-CINE6FF" failures="0" tests="10" name="Test.Testcases" time="138.700" errors="0" timestamp="2022-03-07T03:07:05 EST" skipped="0">
  <testcase classname="Test.Testcases" name="loginwithInvalidEmail" time="4.370"/>
  <system-out/>
  <testcase classname="Test.Testcases" name="loginwithInvalidPassword" time="1.539"/>
  <system-out/>
  <testcase classname="Test.Testcases" name="loginwithEmptyFields" time="3.897"/>
  <system-out/>
  <testcase classname="Test.Testcases" name="trytologin" time="91.111"/>
  <system-out/>
  <testcase classname="Test.Testcases" name="loginwithValidData" time="5.485"/>
  <system-out/>
  <testcase classname="Test.Testcases" name="securitycode" time="9.985"/>
  <system-out/>
  <testcase classname="Test.Testcases" name="headerDropdown" time="0.514"/>
  <system-out/>
  <testcase classname="Test.Testcases" name="profilemenuoption" time="1.337"/>
  <system-out/>
  <testcase classname="Test.Testcases" name="navigatetoeditprofilesteps" time="7.851"/>
  <system-out/>
  <testcase classname="Test.Testcases" name="uploadimage" time="12.611"/>
  <system-out/>
</testsuite> <!-- Test.Testcases -->
